[0m11:24:47.843918 [debug] [MainThread]: Sending event: {'category': 'dbt', 'action': 'invocation', 'label': 'start', 'context': [<snowplow_tracker.self_describing_json.SelfDescribingJson object at 0x00000212CB820490>, <snowplow_tracker.self_describing_json.SelfDescribingJson object at 0x00000212CE2B6E20>, <snowplow_tracker.self_describing_json.SelfDescribingJson object at 0x00000212CE2B6BE0>]}


============================== 11:24:47.849596 | ce693326-12dc-4c63-bc81-a00e81184e63 ==============================
[0m11:24:47.849596 [info ] [MainThread]: Running with dbt=1.8.4
[0m11:24:47.850629 [debug] [MainThread]: running dbt with arguments {'printer_width': '80', 'indirect_selection': 'eager', 'write_json': 'True', 'log_cache_events': 'False', 'partial_parse': 'True', 'cache_selected_only': 'False', 'warn_error': 'None', 'debug': 'False', 'version_check': 'True', 'log_path': 'logs', 'profiles_dir': 'C:\\Users\\Buta\\.dbt', 'fail_fast': 'False', 'use_colors': 'True', 'use_experimental_parser': 'False', 'no_print': 'None', 'quiet': 'False', 'empty': 'None', 'warn_error_options': 'WarnErrorOptions(include=[], exclude=[])', 'invocation_command': 'dbt init', 'log_format': 'default', 'introspect': 'True', 'target_path': 'None', 'static_parser': 'True', 'send_anonymous_usage_stats': 'True'}
[0m11:24:47.872238 [warn ] [MainThread]: [ConfigFolderDirectory]: Unable to parse dict {'dir': WindowsPath('C:/Users/Buta/.dbt')}
[0m11:24:47.873242 [info ] [MainThread]: Creating dbt configuration folder at 
[0m11:25:05.600385 [debug] [MainThread]: Starter project path: C:\Users\Buta\AppData\Local\Programs\Python\Python39\lib\site-packages\dbt\include\starter_project
[0m11:25:05.669388 [info ] [MainThread]: 
Your new dbt project "custom_postgres" was created!

For more information on how to configure the profiles.yml file,
please consult the dbt documentation here:

  https://docs.getdbt.com/docs/configure-your-profile

One more thing:

Need help? Don't hesitate to reach out to us via GitHub issues or on Slack:

  https://community.getdbt.com/

Happy modeling!

[0m11:25:05.671354 [info ] [MainThread]: Setting up your profile.
[0m11:26:49.304636 [info ] [MainThread]: Profile custom_postgres written to C:\Users\Buta\.dbt\profiles.yml using target's profile_template.yml and your supplied values. Run 'dbt debug' to validate the connection.
[0m11:26:49.306685 [debug] [MainThread]: Command `dbt init` succeeded at 11:26:49.305639 after 121.57 seconds
[0m11:26:49.306685 [debug] [MainThread]: Sending event: {'category': 'dbt', 'action': 'invocation', 'label': 'end', 'context': [<snowplow_tracker.self_describing_json.SelfDescribingJson object at 0x00000212CB820490>, <snowplow_tracker.self_describing_json.SelfDescribingJson object at 0x00000212CE2B6E20>, <snowplow_tracker.self_describing_json.SelfDescribingJson object at 0x00000212CB718880>]}
[0m11:26:49.307641 [debug] [MainThread]: Flushing usage events
